mode: set
github.com/AdiF1/solidity/bookings/cmd/web/client.go:10.19,12.16 2 0
github.com/AdiF1/solidity/bookings/cmd/web/client.go:15.2,16.12 2 0
github.com/AdiF1/solidity/bookings/cmd/web/client.go:12.16,14.3 1 0
github.com/AdiF1/solidity/bookings/cmd/web/fauna.go:13.18,17.16 3 0
github.com/AdiF1/solidity/bookings/cmd/web/fauna.go:21.2,23.60 2 0
github.com/AdiF1/solidity/bookings/cmd/web/fauna.go:27.2,27.19 1 0
github.com/AdiF1/solidity/bookings/cmd/web/fauna.go:17.16,18.13 1 0
github.com/AdiF1/solidity/bookings/cmd/web/fauna.go:23.60,24.13 1 0
github.com/AdiF1/solidity/bookings/cmd/web/main.go:28.13,30.16 2 0
github.com/AdiF1/solidity/bookings/cmd/web/main.go:33.2,43.16 5 0
github.com/AdiF1/solidity/bookings/cmd/web/main.go:30.16,32.3 1 0
github.com/AdiF1/solidity/bookings/cmd/web/main.go:43.16,45.3 1 0
github.com/AdiF1/solidity/bookings/cmd/web/main.go:48.32,76.16 18 1
github.com/AdiF1/solidity/bookings/cmd/web/main.go:79.2,82.16 3 1
github.com/AdiF1/solidity/bookings/cmd/web/main.go:87.2,95.16 7 1
github.com/AdiF1/solidity/bookings/cmd/web/main.go:76.16,78.3 1 0
github.com/AdiF1/solidity/bookings/cmd/web/main.go:82.16,85.3 2 0
github.com/AdiF1/solidity/bookings/cmd/web/middleware.go:10.45,21.2 3 1
github.com/AdiF1/solidity/bookings/cmd/web/middleware.go:23.51,28.2 1 1
github.com/AdiF1/solidity/bookings/cmd/web/routes.go:12.50,59.2 20 1
