mode: set
github.com/AdiF1/solidity/bookings/cmd/web/client.go:10.19,12.16 2 0
github.com/AdiF1/solidity/bookings/cmd/web/client.go:15.2,16.12 2 0
github.com/AdiF1/solidity/bookings/cmd/web/client.go:12.16,14.3 1 0
github.com/AdiF1/solidity/bookings/cmd/web/main.go:22.13,25.16 2 0
github.com/AdiF1/solidity/bookings/cmd/web/main.go:29.2,40.16 4 0
github.com/AdiF1/solidity/bookings/cmd/web/main.go:25.16,27.3 1 0
github.com/AdiF1/solidity/bookings/cmd/web/main.go:43.18,60.16 10 1
github.com/AdiF1/solidity/bookings/cmd/web/main.go:65.2,75.12 6 1
github.com/AdiF1/solidity/bookings/cmd/web/main.go:60.16,63.3 2 0
github.com/AdiF1/solidity/bookings/cmd/web/middleware.go:10.45,21.2 3 1
github.com/AdiF1/solidity/bookings/cmd/web/middleware.go:23.51,28.2 1 1
github.com/AdiF1/solidity/bookings/cmd/web/routes.go:13.50,61.2 19 1
