mode: set
github.com/AdiF1/solidity/bookings/internal/forms/errors.go:6.44,8.2 1 1
github.com/AdiF1/solidity/bookings/internal/forms/errors.go:11.42,13.18 2 1
github.com/AdiF1/solidity/bookings/internal/forms/errors.go:16.2,16.14 1 1
github.com/AdiF1/solidity/bookings/internal/forms/errors.go:13.18,15.3 1 1
github.com/AdiF1/solidity/bookings/internal/forms/forms.go:18.29,20.2 1 1
github.com/AdiF1/solidity/bookings/internal/forms/forms.go:23.33,28.2 1 1
github.com/AdiF1/solidity/bookings/internal/forms/forms.go:30.43,31.31 1 1
github.com/AdiF1/solidity/bookings/internal/forms/forms.go:31.31,33.37 2 1
github.com/AdiF1/solidity/bookings/internal/forms/forms.go:33.37,35.4 1 1
github.com/AdiF1/solidity/bookings/internal/forms/forms.go:40.39,44.2 2 1
github.com/AdiF1/solidity/bookings/internal/forms/forms.go:46.57,48.21 2 1
github.com/AdiF1/solidity/bookings/internal/forms/forms.go:52.2,52.13 1 1
github.com/AdiF1/solidity/bookings/internal/forms/forms.go:48.21,51.3 2 1
github.com/AdiF1/solidity/bookings/internal/forms/forms.go:55.38,56.40 1 1
github.com/AdiF1/solidity/bookings/internal/forms/forms.go:56.40,59.3 1 1
