mode: set
github.com/AdiF1/solidity/bookings/internal/handlers/handlers.go:31.62,36.2 1 1
github.com/AdiF1/solidity/bookings/internal/handlers/handlers.go:38.51,43.2 1 1
github.com/AdiF1/solidity/bookings/internal/handlers/handlers.go:45.33,47.2 1 1
github.com/AdiF1/solidity/bookings/internal/handlers/handlers.go:49.67,51.2 1 1
github.com/AdiF1/solidity/bookings/internal/handlers/handlers.go:53.68,56.2 1 1
github.com/AdiF1/solidity/bookings/internal/handlers/handlers.go:58.74,60.9 2 1
github.com/AdiF1/solidity/bookings/internal/handlers/handlers.go:66.2,67.16 2 1
github.com/AdiF1/solidity/bookings/internal/handlers/handlers.go:73.2,85.4 7 1
github.com/AdiF1/solidity/bookings/internal/handlers/handlers.go:60.9,64.3 3 1
github.com/AdiF1/solidity/bookings/internal/handlers/handlers.go:67.16,71.3 3 1
github.com/AdiF1/solidity/bookings/internal/handlers/handlers.go:88.78,90.9 2 1
github.com/AdiF1/solidity/bookings/internal/handlers/handlers.go:96.2,97.16 2 0
github.com/AdiF1/solidity/bookings/internal/handlers/handlers.go:103.2,122.19 6 0
github.com/AdiF1/solidity/bookings/internal/handlers/handlers.go:132.2,133.16 2 0
github.com/AdiF1/solidity/bookings/internal/handlers/handlers.go:139.2,148.16 3 0
github.com/AdiF1/solidity/bookings/internal/handlers/handlers.go:155.2,191.66 8 0
github.com/AdiF1/solidity/bookings/internal/handlers/handlers.go:90.9,94.3 3 1
github.com/AdiF1/solidity/bookings/internal/handlers/handlers.go:97.16,101.3 3 0
github.com/AdiF1/solidity/bookings/internal/handlers/handlers.go:122.19,130.3 4 0
github.com/AdiF1/solidity/bookings/internal/handlers/handlers.go:133.16,137.3 3 0
github.com/AdiF1/solidity/bookings/internal/handlers/handlers.go:148.16,152.3 3 0
github.com/AdiF1/solidity/bookings/internal/handlers/handlers.go:194.70,196.2 1 1
github.com/AdiF1/solidity/bookings/internal/handlers/handlers.go:198.72,200.2 1 1
github.com/AdiF1/solidity/bookings/internal/handlers/handlers.go:202.81,204.2 1 1
github.com/AdiF1/solidity/bookings/internal/handlers/handlers.go:206.85,208.16 2 1
github.com/AdiF1/solidity/bookings/internal/handlers/handlers.go:214.2,219.16 5 1
github.com/AdiF1/solidity/bookings/internal/handlers/handlers.go:224.2,225.16 2 1
github.com/AdiF1/solidity/bookings/internal/handlers/handlers.go:231.2,232.16 2 1
github.com/AdiF1/solidity/bookings/internal/handlers/handlers.go:238.2,238.21 1 1
github.com/AdiF1/solidity/bookings/internal/handlers/handlers.go:245.2,257.4 5 1
github.com/AdiF1/solidity/bookings/internal/handlers/handlers.go:208.16,212.3 3 0
github.com/AdiF1/solidity/bookings/internal/handlers/handlers.go:219.16,223.3 3 1
github.com/AdiF1/solidity/bookings/internal/handlers/handlers.go:225.16,229.3 3 1
github.com/AdiF1/solidity/bookings/internal/handlers/handlers.go:232.16,236.3 3 0
github.com/AdiF1/solidity/bookings/internal/handlers/handlers.go:238.21,243.3 3 1
github.com/AdiF1/solidity/bookings/internal/handlers/handlers.go:268.85,271.16 2 1
github.com/AdiF1/solidity/bookings/internal/handlers/handlers.go:284.2,294.16 8 1
github.com/AdiF1/solidity/bookings/internal/handlers/handlers.go:306.2,319.14 4 1
github.com/AdiF1/solidity/bookings/internal/handlers/handlers.go:271.16,282.3 5 1
github.com/AdiF1/solidity/bookings/internal/handlers/handlers.go:294.16,305.3 5 1
github.com/AdiF1/solidity/bookings/internal/handlers/handlers.go:323.70,325.2 1 1
github.com/AdiF1/solidity/bookings/internal/handlers/handlers.go:327.81,329.9 2 1
github.com/AdiF1/solidity/bookings/internal/handlers/handlers.go:335.2,342.4 4 1
github.com/AdiF1/solidity/bookings/internal/handlers/handlers.go:329.9,333.3 3 1
github.com/AdiF1/solidity/bookings/internal/handlers/handlers.go:345.73,359.16 3 1
github.com/AdiF1/solidity/bookings/internal/handlers/handlers.go:365.2,366.9 2 1
github.com/AdiF1/solidity/bookings/internal/handlers/handlers.go:372.2,373.16 2 1
github.com/AdiF1/solidity/bookings/internal/handlers/handlers.go:379.2,384.63 4 1
github.com/AdiF1/solidity/bookings/internal/handlers/handlers.go:359.16,363.3 3 1
github.com/AdiF1/solidity/bookings/internal/handlers/handlers.go:366.9,370.3 3 1
github.com/AdiF1/solidity/bookings/internal/handlers/handlers.go:373.16,377.3 3 0
github.com/AdiF1/solidity/bookings/internal/handlers/handlers.go:387.71,399.16 9 1
github.com/AdiF1/solidity/bookings/internal/handlers/handlers.go:405.2,412.63 6 1
github.com/AdiF1/solidity/bookings/internal/handlers/handlers.go:399.16,403.3 3 1
github.com/AdiF1/solidity/bookings/internal/handlers/handlers.go:415.72,419.2 1 1
github.com/AdiF1/solidity/bookings/internal/handlers/handlers.go:422.76,427.16 3 1
github.com/AdiF1/solidity/bookings/internal/handlers/handlers.go:431.2,438.19 6 1
github.com/AdiF1/solidity/bookings/internal/handlers/handlers.go:448.2,449.16 2 1
github.com/AdiF1/solidity/bookings/internal/handlers/handlers.go:456.2,458.47 3 1
github.com/AdiF1/solidity/bookings/internal/handlers/handlers.go:427.16,429.3 1 0
github.com/AdiF1/solidity/bookings/internal/handlers/handlers.go:438.19,446.3 3 1
github.com/AdiF1/solidity/bookings/internal/handlers/handlers.go:449.16,454.3 4 1
github.com/AdiF1/solidity/bookings/internal/handlers/handlers.go:462.69,467.2 3 1
github.com/AdiF1/solidity/bookings/internal/handlers/handlers.go:470.77,472.2 1 1
github.com/AdiF1/solidity/bookings/internal/handlers/handlers.go:475.83,477.16 2 1
github.com/AdiF1/solidity/bookings/internal/handlers/handlers.go:481.2,486.4 3 1
github.com/AdiF1/solidity/bookings/internal/handlers/handlers.go:477.16,480.3 2 0
github.com/AdiF1/solidity/bookings/internal/handlers/handlers.go:490.83,492.16 2 1
github.com/AdiF1/solidity/bookings/internal/handlers/handlers.go:496.2,501.4 3 1
github.com/AdiF1/solidity/bookings/internal/handlers/handlers.go:492.16,495.3 2 0
github.com/AdiF1/solidity/bookings/internal/handlers/handlers.go:505.83,508.16 3 1
github.com/AdiF1/solidity/bookings/internal/handlers/handlers.go:513.2,526.16 9 1
github.com/AdiF1/solidity/bookings/internal/handlers/handlers.go:530.2,538.4 3 1
github.com/AdiF1/solidity/bookings/internal/handlers/handlers.go:508.16,511.3 2 0
github.com/AdiF1/solidity/bookings/internal/handlers/handlers.go:526.16,529.3 2 0
github.com/AdiF1/solidity/bookings/internal/handlers/handlers.go:543.87,545.16 2 1
github.com/AdiF1/solidity/bookings/internal/handlers/handlers.go:550.2,552.16 3 1
github.com/AdiF1/solidity/bookings/internal/handlers/handlers.go:557.2,563.16 5 1
github.com/AdiF1/solidity/bookings/internal/handlers/handlers.go:568.2,574.16 6 1
github.com/AdiF1/solidity/bookings/internal/handlers/handlers.go:579.2,583.16 4 1
github.com/AdiF1/solidity/bookings/internal/handlers/handlers.go:545.16,548.3 2 0
github.com/AdiF1/solidity/bookings/internal/handlers/handlers.go:552.16,555.3 2 0
github.com/AdiF1/solidity/bookings/internal/handlers/handlers.go:563.16,566.3 2 0
github.com/AdiF1/solidity/bookings/internal/handlers/handlers.go:574.16,577.3 2 0
github.com/AdiF1/solidity/bookings/internal/handlers/handlers.go:583.16,585.3 1 1
github.com/AdiF1/solidity/bookings/internal/handlers/handlers.go:585.8,588.3 1 1
github.com/AdiF1/solidity/bookings/internal/handlers/handlers.go:592.86,598.16 4 1
github.com/AdiF1/solidity/bookings/internal/handlers/handlers.go:602.2,608.16 4 1
github.com/AdiF1/solidity/bookings/internal/handlers/handlers.go:598.16,600.3 1 0
github.com/AdiF1/solidity/bookings/internal/handlers/handlers.go:608.16,611.3 1 1
github.com/AdiF1/solidity/bookings/internal/handlers/handlers.go:611.8,614.3 1 1
github.com/AdiF1/solidity/bookings/internal/handlers/handlers.go:619.85,625.16 4 1
github.com/AdiF1/solidity/bookings/internal/handlers/handlers.go:629.2,634.16 4 1
github.com/AdiF1/solidity/bookings/internal/handlers/handlers.go:625.16,627.3 1 0
github.com/AdiF1/solidity/bookings/internal/handlers/handlers.go:634.16,637.3 1 1
github.com/AdiF1/solidity/bookings/internal/handlers/handlers.go:637.8,640.3 1 1
github.com/AdiF1/solidity/bookings/internal/handlers/handlers.go:645.88,649.34 2 1
github.com/AdiF1/solidity/bookings/internal/handlers/handlers.go:663.2,693.16 23 1
github.com/AdiF1/solidity/bookings/internal/handlers/handlers.go:698.2,700.25 2 1
github.com/AdiF1/solidity/bookings/internal/handlers/handlers.go:738.2,742.4 1 1
github.com/AdiF1/solidity/bookings/internal/handlers/handlers.go:649.34,651.17 2 1
github.com/AdiF1/solidity/bookings/internal/handlers/handlers.go:655.3,656.17 2 1
github.com/AdiF1/solidity/bookings/internal/handlers/handlers.go:660.3,660.68 1 1
github.com/AdiF1/solidity/bookings/internal/handlers/handlers.go:651.17,654.4 2 0
github.com/AdiF1/solidity/bookings/internal/handlers/handlers.go:656.17,659.4 2 0
github.com/AdiF1/solidity/bookings/internal/handlers/handlers.go:693.16,696.3 2 0
github.com/AdiF1/solidity/bookings/internal/handlers/handlers.go:700.25,706.72 3 0
github.com/AdiF1/solidity/bookings/internal/handlers/handlers.go:712.3,713.17 2 0
github.com/AdiF1/solidity/bookings/internal/handlers/handlers.go:718.3,718.34 1 0
github.com/AdiF1/solidity/bookings/internal/handlers/handlers.go:732.3,735.78 3 0
github.com/AdiF1/solidity/bookings/internal/handlers/handlers.go:706.72,709.4 2 0
github.com/AdiF1/solidity/bookings/internal/handlers/handlers.go:713.17,716.4 2 0
github.com/AdiF1/solidity/bookings/internal/handlers/handlers.go:718.34,719.27 1 0
github.com/AdiF1/solidity/bookings/internal/handlers/handlers.go:719.27,722.101 1 0
github.com/AdiF1/solidity/bookings/internal/handlers/handlers.go:722.101,724.6 1 0
github.com/AdiF1/solidity/bookings/internal/handlers/handlers.go:726.10,729.5 1 0
github.com/AdiF1/solidity/bookings/internal/handlers/handlers.go:746.92,748.16 2 1
github.com/AdiF1/solidity/bookings/internal/handlers/handlers.go:753.2,758.16 4 1
github.com/AdiF1/solidity/bookings/internal/handlers/handlers.go:763.2,765.26 2 1
github.com/AdiF1/solidity/bookings/internal/handlers/handlers.go:789.2,789.34 1 1
github.com/AdiF1/solidity/bookings/internal/handlers/handlers.go:802.2,803.110 2 1
github.com/AdiF1/solidity/bookings/internal/handlers/handlers.go:748.16,751.3 2 0
github.com/AdiF1/solidity/bookings/internal/handlers/handlers.go:758.16,761.3 2 0
github.com/AdiF1/solidity/bookings/internal/handlers/handlers.go:765.26,770.35 2 0
github.com/AdiF1/solidity/bookings/internal/handlers/handlers.go:770.35,772.35 1 0
github.com/AdiF1/solidity/bookings/internal/handlers/handlers.go:772.35,775.16 1 0
github.com/AdiF1/solidity/bookings/internal/handlers/handlers.go:775.16,776.66 1 0
github.com/AdiF1/solidity/bookings/internal/handlers/handlers.go:776.66,778.21 2 0
github.com/AdiF1/solidity/bookings/internal/handlers/handlers.go:778.21,780.8 1 0
github.com/AdiF1/solidity/bookings/internal/handlers/handlers.go:789.34,790.43 1 1
github.com/AdiF1/solidity/bookings/internal/handlers/handlers.go:790.43,796.18 5 1
github.com/AdiF1/solidity/bookings/internal/handlers/handlers.go:796.18,798.5 1 0
